<?xml version="1.0" encoding="UTF-8"?>
<!-- Generated by org.testng.reporters.JUnitReportReporter -->
<testsuite skipped="0" hostname="hp-PC" name="webdriverMaven.LoginTest" tests="1" failures="0" timestamp="2020-03-03T11:26:04 IST" time="5.305" errors="0">
  <testcase name="doLogin" time="5.305" classname="webdriverMaven.LoginTest"/>
  <system-out/>
</testsuite> <!-- webdriverMaven.LoginTest -->
